<?xml version="1.0" encoding="UTF-8"?>
<testng-results skipped="0" failed="0" ignored="0" total="1" passed="1">
  <reporter-output>
  </reporter-output>
  <suite name="Suite" duration-ms="4714" started-at="2021-11-30T02:02:50 IST" finished-at="2021-11-30T02:02:55 IST">
    <groups>
    </groups>
    <test name="TestNG" duration-ms="4714" started-at="2021-11-30T02:02:50 IST" finished-at="2021-11-30T02:02:55 IST">
      <class name="testCases.Module_01">
        <test-method status="PASS" signature="preSetup()[pri:0, instance:testCases.Module_01@8519cb4]" name="preSetup" is-config="true" duration-ms="19" started-at="2021-11-30T02:02:50 IST" finished-at="2021-11-30T02:02:50 IST">
          <reporter-output>
          </reporter-output>
        </test-method> <!-- preSetup -->
        <test-method status="PASS" signature="TC_01()[pri:0, instance:testCases.Module_01@8519cb4]" name="TC_01" duration-ms="3544" started-at="2021-11-30T02:02:50 IST" finished-at="2021-11-30T02:02:54 IST">
          <reporter-output>
          </reporter-output>
        </test-method> <!-- TC_01 -->
        <test-method status="PASS" signature="postSetup()[pri:0, instance:testCases.Module_01@8519cb4]" name="postSetup" is-config="true" duration-ms="1083" started-at="2021-11-30T02:02:54 IST" finished-at="2021-11-30T02:02:55 IST">
          <reporter-output>
          </reporter-output>
        </test-method> <!-- postSetup -->
      </class> <!-- testCases.Module_01 -->
    </test> <!-- TestNG -->
  </suite> <!-- Suite -->
</testng-results>
