<?xml version="1.0" encoding="UTF-8"?>
<testng-results ignored="0" total="1" passed="1" failed="0" skipped="0">
  <reporter-output>
  </reporter-output>
  <suite started-at="2021-11-28T00:00:37 IST" name="Default suite" finished-at="2021-11-28T00:00:41 IST" duration-ms="3576">
    <groups>
    </groups>
    <test started-at="2021-11-28T00:00:37 IST" name="Default test" finished-at="2021-11-28T00:00:41 IST" duration-ms="3576">
      <class name="testCases.Module_01">
        <test-method is-config="true" signature="preSetup()[pri:0, instance:testCases.Module_01@7df587ef]" started-at="2021-11-28T00:00:37 IST" name="preSetup" finished-at="2021-11-28T00:00:37 IST" duration-ms="10" status="PASS">
          <reporter-output>
          </reporter-output>
        </test-method> <!-- preSetup -->
        <test-method signature="TC_01()[pri:0, instance:testCases.Module_01@7df587ef]" started-at="2021-11-28T00:00:37 IST" name="TC_01" finished-at="2021-11-28T00:00:40 IST" duration-ms="3154" status="PASS">
          <reporter-output>
          </reporter-output>
        </test-method> <!-- TC_01 -->
        <test-method is-config="true" signature="postSetup()[pri:0, instance:testCases.Module_01@7df587ef]" started-at="2021-11-28T00:00:40 IST" name="postSetup" finished-at="2021-11-28T00:00:41 IST" duration-ms="361" status="PASS">
          <reporter-output>
          </reporter-output>
        </test-method> <!-- postSetup -->
      </class> <!-- testCases.Module_01 -->
    </test> <!-- Default test -->
  </suite> <!-- Default suite -->
</testng-results>
